Arguments: 
  /Users/noelani26/.nvm/versions/node/v15.2.1/bin/node /Users/noelani26/.yarn/bin/yarn.js add react-native-google-singin

PATH: 
  /Users/noelani26/.rvm/gems/ruby-2.6.1/bin:/Users/noelani26/.rvm/gems/ruby-2.6.1@global/bin:/Users/noelani26/.rvm/rubies/ruby-2.6.1/bin:/Users/noelani26/.yarn/bin:/Users/noelani26/.config/yarn/global/node_modules/.bin:/Users/noelani26/.nvm/versions/node/v15.2.1/bin:/Library/Frameworks/Python.framework/Versions/3.9/bin:/Applications/Postgres.app/Contents/Versions/latest/bin:/usr/local:/usr/local/bin:/usr/local/sbin:/usr/bin:/usr/local/bin:/usr/bin:/bin:/usr/sbin:/sbin:/Users/noelani26/.rvm/bin

Yarn version: 
  1.22.5

Node version: 
  15.2.1

Platform: 
  darwin x64

Trace: 
  Error: https://registry.yarnpkg.com/react-native-google-singin: Not found
      at Request.params.callback [as _callback] (/Users/noelani26/.yarn/lib/cli.js:66988:18)
      at Request.self.callback (/Users/noelani26/.yarn/lib/cli.js:140749:22)
      at Request.emit (node:events:329:20)
      at Request.<anonymous> (/Users/noelani26/.yarn/lib/cli.js:141721:10)
      at Request.emit (node:events:329:20)
      at IncomingMessage.<anonymous> (/Users/noelani26/.yarn/lib/cli.js:141643:12)
      at Object.onceWrapper (node:events:435:28)
      at IncomingMessage.emit (node:events:341:22)
      at endReadableNT (node:internal/streams/readable:1294:12)
      at processTicksAndRejections (node:internal/process/task_queues:80:21)

npm manifest: 
  {
    "main": "node_modules/expo/AppEntry.js",
    "scripts": {
      "start": "expo start",
      "android": "expo start --android",
      "ios": "expo start --ios",
      "web": "expo start --web",
      "eject": "expo eject"
    },
    "dependencies": {
      "expo": "~41.0.1",
      "expo-status-bar": "~1.0.4",
      "react": "16.13.1",
      "react-dom": "16.13.1",
      "react-native": "https://github.com/expo/react-native/archive/sdk-41.0.0.tar.gz",
      "react-native-web": "~0.13.12"
    },
    "devDependencies": {
      "@babel/core": "^7.9.0"
    },
    "private": true
  }

yarn manifest: 
  No manifest

Lockfile: 
  No lockfile
